c:\users\tikeshwar\documents\visual studio 2015\projects\mesher3d\mesher3d\debug\mesher3d.pdb
c:\users\tikeshwar\documents\visual studio 2015\projects\mesher3d\mesher3d\debug\mesher3d.idb
c:\users\tikeshwar\documents\visual studio 2015\projects\mesher3d\mesher3d\debug\edge.obj
c:\users\tikeshwar\documents\visual studio 2015\projects\mesher3d\mesher3d\debug\edgegrid.obj
c:\users\tikeshwar\documents\visual studio 2015\projects\mesher3d\mesher3d\debug\face.obj
c:\users\tikeshwar\documents\visual studio 2015\projects\mesher3d\mesher3d\debug\parser.obj
c:\users\tikeshwar\documents\visual studio 2015\projects\mesher3d\mesher3d\debug\tessellation.obj
c:\users\tikeshwar\documents\visual studio 2015\projects\mesher3d\mesher3d\debug\tetra.obj
c:\users\tikeshwar\documents\visual studio 2015\projects\mesher3d\mesher3d\debug\tetragrid.obj
c:\users\tikeshwar\documents\visual studio 2015\projects\mesher3d\mesher3d\debug\mesher3d.obj
c:\users\tikeshwar\documents\visual studio 2015\projects\mesher3d\mesher3d\debug\vertex.obj
c:\users\tikeshwar\documents\visual studio 2015\projects\mesher3d\mesher3d\debug\cdtpslg.obj
c:\users\tikeshwar\source\repos\mesher3d\mesher3d\mesher3d\debug\mesher3d.pdb
c:\users\tikeshwar\source\repos\mesher3d\mesher3d\mesher3d\debug\mesher3d.idb
c:\users\tikeshwar\source\repos\mesher3d\mesher3d\mesher3d\debug\cdtpslg.obj
c:\users\tikeshwar\source\repos\mesher3d\mesher3d\mesher3d\debug\edge.obj
c:\users\tikeshwar\source\repos\mesher3d\mesher3d\mesher3d\debug\edgegrid.obj
c:\users\tikeshwar\source\repos\mesher3d\mesher3d\mesher3d\debug\face.obj
c:\users\tikeshwar\source\repos\mesher3d\mesher3d\mesher3d\debug\parser.obj
c:\users\tikeshwar\source\repos\mesher3d\mesher3d\mesher3d\debug\tessellation.obj
c:\users\tikeshwar\source\repos\mesher3d\mesher3d\mesher3d\debug\tetra.obj
c:\users\tikeshwar\source\repos\mesher3d\mesher3d\mesher3d\debug\tetragrid.obj
c:\users\tikeshwar\source\repos\mesher3d\mesher3d\mesher3d\debug\mesher3d.obj
c:\users\tikeshwar\source\repos\mesher3d\mesher3d\mesher3d\debug\vertex.obj
c:\users\tikeshwar\documents\visual studio 2015\projects\mesher3d\debug\mesher3d.lib
c:\users\tikeshwar\source\repos\mesher3d\mesher3d\debug\mesher3d.lib
c:\users\tikeshwar\source\repos\mesher3d\mesher3d\debug\mesher3d.pdb
c:\users\tikeshwar\source\repos\mesher3d\mesher3d\mesher3d\debug\mesher3d.tlog\cl.command.1.tlog
c:\users\tikeshwar\source\repos\mesher3d\mesher3d\mesher3d\debug\mesher3d.tlog\cl.read.1.tlog
c:\users\tikeshwar\source\repos\mesher3d\mesher3d\mesher3d\debug\mesher3d.tlog\cl.write.1.tlog
c:\users\tikeshwar\source\repos\mesher3d\mesher3d\mesher3d\debug\mesher3d.tlog\lib-link.read.1.tlog
c:\users\tikeshwar\source\repos\mesher3d\mesher3d\mesher3d\debug\mesher3d.tlog\lib-link.write.1.tlog
c:\users\tikeshwar\source\repos\mesher3d\mesher3d\mesher3d\debug\mesher3d.tlog\lib.command.1.tlog
