c:\users\tikeshwar\documents\visual studio 2015\projects\mesher3d\mesher2d\debug\mesher2d.pdb
c:\users\tikeshwar\documents\visual studio 2015\projects\mesher3d\mesher2d\debug\mesher2d.idb
c:\users\tikeshwar\documents\visual studio 2015\projects\mesher3d\mesher2d\debug\edge.obj
c:\users\tikeshwar\documents\visual studio 2015\projects\mesher3d\mesher2d\debug\mesher2d.obj
c:\users\tikeshwar\documents\visual studio 2015\projects\mesher3d\mesher2d\debug\parser2d.obj
c:\users\tikeshwar\documents\visual studio 2015\projects\mesher3d\mesher2d\debug\triangle.obj
c:\users\tikeshwar\documents\visual studio 2015\projects\mesher3d\mesher2d\debug\trianglegrid.obj
c:\users\tikeshwar\documents\visual studio 2015\projects\mesher3d\mesher2d\debug\triangulation.obj
c:\users\tikeshwar\source\repos\mesher3d\mesher3d\mesher2d\debug\mesher2d.pdb
c:\users\tikeshwar\source\repos\mesher3d\mesher3d\mesher2d\debug\mesher2d.idb
c:\users\tikeshwar\source\repos\mesher3d\mesher3d\mesher2d\debug\edge.obj
c:\users\tikeshwar\source\repos\mesher3d\mesher3d\mesher2d\debug\mesher2d.obj
c:\users\tikeshwar\source\repos\mesher3d\mesher3d\mesher2d\debug\parser2d.obj
c:\users\tikeshwar\source\repos\mesher3d\mesher3d\mesher2d\debug\triangle.obj
c:\users\tikeshwar\source\repos\mesher3d\mesher3d\mesher2d\debug\trianglegrid.obj
c:\users\tikeshwar\source\repos\mesher3d\mesher3d\mesher2d\debug\triangulation.obj
c:\users\tikeshwar\documents\visual studio 2015\projects\mesher3d\debug\mesher2d.lib
c:\users\tikeshwar\source\repos\mesher3d\mesher3d\debug\mesher2d.lib
c:\users\tikeshwar\source\repos\mesher3d\mesher3d\debug\mesher2d.pdb
c:\users\tikeshwar\source\repos\mesher3d\mesher3d\mesher2d\debug\mesher2d.tlog\cl.command.1.tlog
c:\users\tikeshwar\source\repos\mesher3d\mesher3d\mesher2d\debug\mesher2d.tlog\cl.read.1.tlog
c:\users\tikeshwar\source\repos\mesher3d\mesher3d\mesher2d\debug\mesher2d.tlog\cl.write.1.tlog
c:\users\tikeshwar\source\repos\mesher3d\mesher3d\mesher2d\debug\mesher2d.tlog\lib-link.read.1.tlog
c:\users\tikeshwar\source\repos\mesher3d\mesher3d\mesher2d\debug\mesher2d.tlog\lib-link.write.1.tlog
c:\users\tikeshwar\source\repos\mesher3d\mesher3d\mesher2d\debug\mesher2d.tlog\lib.command.1.tlog
